<?xml version="1.0" encoding="UTF-8"?>
<!-- Generated by org.testng.reporters.JUnitXMLReporter -->
<testsuite ignored="0" hostname="LAPTOP-Q5E25PUN" failures="0" tests="12" name="Default test" time="20.564" errors="0" timestamp="2022-08-22T15:51:47 IST">
  <testcase classname="spotify.Spotify_jsonobject_api" name="Get_Current_Users_Profile" time="4.32"/>
  <testcase classname="spotify.Spotify_jsonobject_api" name="Get_Users_Profile" time="0.413"/>
  <testcase classname="spotify.Spotify_jsonobject_api" name="Create_Playlist1" time="0.782"/>
  <testcase classname="spotify.Spotify_jsonobject_api" name="Add_Items_to_Playlist" time="0.56"/>
  <testcase classname="spotify.Spotify_jsonobject_api" name="GetPlaylist" time="0.535"/>
  <testcase classname="spotify.Spotify_jsonobject_api" name="RemovePlaylistItem" time="0.579"/>
  <testcase classname="spotify.Spotify_jsonobject_api" name="GetUserPlaylist" time="1.713"/>
  <testcase classname="spotify.Spotify_jsonobject_api" name="GetPlaylistItems" time="7.653"/>
  <testcase classname="spotify.Spotify_jsonobject_api" name="GetCurrentUserPlaylists" time="0.678"/>
  <testcase classname="spotify.Spotify_jsonobject_api" name="UpdatePlaylistItems" time="0.961"/>
  <testcase classname="spotify.Spotify_jsonobject_api" name="ChangePlaylistDetails" time="0.967"/>
  <testcase classname="spotify.Spotify_jsonobject_api" name="SearchForItem" time="1.277"/>
</testsuite> <!-- Default test -->
