<?xml version="1.0" encoding="UTF-8"?>
<!-- Generated by org.testng.reporters.JUnitXMLReporter -->
<testsuite ignored="0" hostname="LAPTOP-Q5E25PUN" failures="0" tests="39" name="Default test" time="26.906" errors="0" timestamp="2022-08-22T16:04:01 IST">
  <testcase classname="api.RestAssured_Api_Automation" name="albums_Get_Album" time="4.05"/>
  <testcase classname="api.RestAssured_Api_Automation" name="albums_Get_Album_Tracks" time="0.514"/>
  <testcase classname="api.RestAssured_Api_Automation" name="albums_Get_Several_Albums" time="0.705"/>
  <testcase classname="api.RestAssured_Api_Automation" name="artists_Get_Artist" time="0.479"/>
  <testcase classname="api.RestAssured_Api_Automation" name="artists_Get_Artists_Albums" time="0.496"/>
  <testcase classname="api.RestAssured_Api_Automation" name="artists_Get_Artists_Related_Artists" time="0.574"/>
  <testcase classname="api.RestAssured_Api_Automation" name="artists_Get_Several_Artists" time="0.455"/>
  <testcase classname="api.RestAssured_Api_Automation" name="browse_Get_Available_Genre_Seeds" time="0.555"/>
  <testcase classname="api.RestAssured_Api_Automation" name="browse_Get_Featured_Playlists" time="0.522"/>
  <testcase classname="api.RestAssured_Api_Automation" name="browse_Get_New_Releases" time="0.817"/>
  <testcase classname="api.RestAssured_Api_Automation" name="browse_Get_Recommendations" time="0.921"/>
  <testcase classname="api.RestAssured_Api_Automation" name="browse_Get_Several_Browse_Categories" time="0.486"/>
  <testcase classname="api.RestAssured_Api_Automation" name="episode_Get_Episode" time="0.438"/>
  <testcase classname="api.RestAssured_Api_Automation" name="episodes_Get_Several_Episode" time="0.482"/>
  <testcase classname="api.RestAssured_Api_Automation" name="follow_Follows_Artists_or_Users" time="0.432"/>
  <testcase classname="api.RestAssured_Api_Automation" name="get_Categorys_Playlists" time="0.544"/>
  <testcase classname="api.RestAssured_Api_Automation" name="get_Single_Browse_Category" time="0.443"/>
  <testcase classname="api.RestAssured_Api_Automation" name="markets_Get_Available_Markets" time="0.445"/>
  <testcase classname="api.RestAssured_Api_Automation" name="shows_Get_Several_Shows" time="0.426"/>
  <testcase classname="api.RestAssured_Api_Automation" name="shows_Get_Show" time="0.494"/>
  <testcase classname="api.RestAssured_Api_Automation" name="shows_Get_Show_Episodes" time="0.507"/>
  <testcase classname="api.RestAssured_Api_Automation" name="tracks_Get_Several_Tracks" time="0.453"/>
  <testcase classname="api.RestAssured_Api_Automation" name="tracks_Get_Track" time="0.455"/>
  <testcase classname="api.RestAssured_Api_Automation" name="tracks_Get_Tracks_Audio_Analysis" time="1.245"/>
  <testcase classname="api.RestAssured_Api_Automation" name="tracks_Get_Tracks_Audio_Features" time="0.465"/>
  <testcase classname="api.RestAssured_Api_Automation" name="tracks_Get_Trackss_Audio_Features" time="0.453"/>
  <testcase classname="api.RestAssured_Api_Automation" name="get_Current_UserProfile" time="1.516"/>
  <testcase classname="api.RestAssured_Api_Automation" name="get_UserProfile" time="0.469"/>
  <testcase classname="api.RestAssured_Api_Automation" name="search_for_Item" time="0.877"/>
  <testcase classname="api.RestAssured_Api_Automation" name="playlist_Creation" time="0.631"/>
  <testcase classname="api.RestAssured_Api_Automation" name="playlist_NewAdd_Item" time="0.693"/>
  <testcase classname="api.RestAssured_Api_Automation" name="playlist_Get_Playlist" time="0.699"/>
  <testcase classname="api.RestAssured_Api_Automation" name="playlist_Get_CurrentUser_Playlist" time="0.508"/>
  <testcase classname="api.RestAssured_Api_Automation" name="playlist_Get_Cover_Image" time="0.584"/>
  <testcase classname="api.RestAssured_Api_Automation" name="playlist_Get_Playlist_Item" time="0.584"/>
  <testcase classname="api.RestAssured_Api_Automation" name="playlist_Get_User_Playlist" time="0.565"/>
  <testcase classname="api.RestAssured_Api_Automation" name="playlist_Update_Item" time="0.537"/>
  <testcase classname="api.RestAssured_Api_Automation" name="playlist_Update_Playlist_Detail" time="0.559"/>
  <testcase classname="api.RestAssured_Api_Automation" name="playlist_Delete_Item" time="0.625"/>
</testsuite> <!-- Default test -->
