<?xml version="1.0" encoding="UTF-8"?>
<testng-results ignored="0" total="12" passed="12" failed="0" skipped="0">
  <reporter-output>
  </reporter-output>
  <suite started-at="2022-08-22T15:51:26 IST" name="Default suite" finished-at="2022-08-22T15:51:46 IST" duration-ms="20564">
    <groups>
    </groups>
    <test started-at="2022-08-22T15:51:26 IST" name="Default test" finished-at="2022-08-22T15:51:46 IST" duration-ms="20564">
      <class name="spotify.Spotify_jsonobject_api">
        <test-method is-config="true" signature="getToken()[pri:0, instance:spotify.Spotify_jsonobject_api@212b5695]" started-at="2022-08-22T15:51:26 IST" name="getToken" finished-at="2022-08-22T15:51:26 IST" duration-ms="11" status="PASS">
          <reporter-output>
          </reporter-output>
        </test-method> <!-- getToken -->
        <test-method signature="Get_Current_Users_Profile()[pri:1, instance:spotify.Spotify_jsonobject_api@212b5695]" started-at="2022-08-22T15:51:26 IST" name="Get_Current_Users_Profile" finished-at="2022-08-22T15:51:30 IST" duration-ms="4320" status="PASS">
          <reporter-output>
          </reporter-output>
        </test-method> <!-- Get_Current_Users_Profile -->
        <test-method signature="Get_Users_Profile()[pri:2, instance:spotify.Spotify_jsonobject_api@212b5695]" started-at="2022-08-22T15:51:30 IST" name="Get_Users_Profile" finished-at="2022-08-22T15:51:31 IST" duration-ms="413" status="PASS">
          <reporter-output>
          </reporter-output>
        </test-method> <!-- Get_Users_Profile -->
        <test-method signature="Create_Playlist1()[pri:3, instance:spotify.Spotify_jsonobject_api@212b5695]" started-at="2022-08-22T15:51:31 IST" name="Create_Playlist1" finished-at="2022-08-22T15:51:31 IST" duration-ms="782" status="PASS">
          <reporter-output>
          </reporter-output>
        </test-method> <!-- Create_Playlist1 -->
        <test-method signature="Add_Items_to_Playlist()[pri:4, instance:spotify.Spotify_jsonobject_api@212b5695]" started-at="2022-08-22T15:51:31 IST" name="Add_Items_to_Playlist" finished-at="2022-08-22T15:51:32 IST" duration-ms="560" status="PASS">
          <reporter-output>
          </reporter-output>
        </test-method> <!-- Add_Items_to_Playlist -->
        <test-method signature="GetPlaylist()[pri:5, instance:spotify.Spotify_jsonobject_api@212b5695]" started-at="2022-08-22T15:51:32 IST" name="GetPlaylist" finished-at="2022-08-22T15:51:33 IST" duration-ms="535" status="PASS">
          <reporter-output>
          </reporter-output>
        </test-method> <!-- GetPlaylist -->
        <test-method signature="RemovePlaylistItem()[pri:6, instance:spotify.Spotify_jsonobject_api@212b5695]" started-at="2022-08-22T15:51:33 IST" name="RemovePlaylistItem" finished-at="2022-08-22T15:51:33 IST" duration-ms="579" status="PASS">
          <reporter-output>
          </reporter-output>
        </test-method> <!-- RemovePlaylistItem -->
        <test-method signature="GetUserPlaylist()[pri:7, instance:spotify.Spotify_jsonobject_api@212b5695]" started-at="2022-08-22T15:51:33 IST" name="GetUserPlaylist" finished-at="2022-08-22T15:51:35 IST" duration-ms="1713" status="PASS">
          <reporter-output>
          </reporter-output>
        </test-method> <!-- GetUserPlaylist -->
        <test-method signature="GetPlaylistItems()[pri:8, instance:spotify.Spotify_jsonobject_api@212b5695]" started-at="2022-08-22T15:51:35 IST" name="GetPlaylistItems" finished-at="2022-08-22T15:51:43 IST" duration-ms="7653" status="PASS">
          <reporter-output>
          </reporter-output>
        </test-method> <!-- GetPlaylistItems -->
        <test-method signature="GetCurrentUserPlaylists()[pri:9, instance:spotify.Spotify_jsonobject_api@212b5695]" started-at="2022-08-22T15:51:43 IST" name="GetCurrentUserPlaylists" finished-at="2022-08-22T15:51:43 IST" duration-ms="678" status="PASS">
          <reporter-output>
          </reporter-output>
        </test-method> <!-- GetCurrentUserPlaylists -->
        <test-method signature="UpdatePlaylistItems()[pri:10, instance:spotify.Spotify_jsonobject_api@212b5695]" started-at="2022-08-22T15:51:43 IST" name="UpdatePlaylistItems" finished-at="2022-08-22T15:51:44 IST" duration-ms="961" status="PASS">
          <reporter-output>
          </reporter-output>
        </test-method> <!-- UpdatePlaylistItems -->
        <test-method signature="ChangePlaylistDetails()[pri:11, instance:spotify.Spotify_jsonobject_api@212b5695]" started-at="2022-08-22T15:51:44 IST" name="ChangePlaylistDetails" finished-at="2022-08-22T15:51:45 IST" duration-ms="967" status="PASS">
          <reporter-output>
          </reporter-output>
        </test-method> <!-- ChangePlaylistDetails -->
        <test-method signature="SearchForItem()[pri:12, instance:spotify.Spotify_jsonobject_api@212b5695]" started-at="2022-08-22T15:51:45 IST" name="SearchForItem" finished-at="2022-08-22T15:51:46 IST" duration-ms="1277" status="PASS">
          <reporter-output>
          </reporter-output>
        </test-method> <!-- SearchForItem -->
      </class> <!-- spotify.Spotify_jsonobject_api -->
    </test> <!-- Default test -->
  </suite> <!-- Default suite -->
</testng-results>
